c:\users\super\onedrive\linkedgit\gameserver\servercore\x64\debug\servercore.pch
c:\users\super\onedrive\linkedgit\gameserver\libraries\debug\servercore.pdb
c:\users\super\onedrive\linkedgit\gameserver\libraries\debug\servercore.idb
c:\users\super\onedrive\linkedgit\gameserver\servercore\x64\debug\pch.obj
c:\users\super\onedrive\linkedgit\gameserver\servercore\x64\debug\threadmanager.obj
c:\users\super\onedrive\linkedgit\gameserver\servercore\x64\debug\socketutils.obj
c:\users\super\onedrive\linkedgit\gameserver\servercore\x64\debug\session.obj
c:\users\super\onedrive\linkedgit\gameserver\servercore\x64\debug\refcountable.obj
c:\users\super\onedrive\linkedgit\gameserver\servercore\x64\debug\objectpool.obj
c:\users\super\onedrive\linkedgit\gameserver\servercore\x64\debug\netaddress.obj
c:\users\super\onedrive\linkedgit\gameserver\servercore\x64\debug\memorypool.obj
c:\users\super\onedrive\linkedgit\gameserver\servercore\x64\debug\memory.obj
c:\users\super\onedrive\linkedgit\gameserver\servercore\x64\debug\lock.obj
c:\users\super\onedrive\linkedgit\gameserver\servercore\x64\debug\listener.obj
c:\users\super\onedrive\linkedgit\gameserver\servercore\x64\debug\iocpevent.obj
c:\users\super\onedrive\linkedgit\gameserver\servercore\x64\debug\iocpcore.obj
c:\users\super\onedrive\linkedgit\gameserver\servercore\x64\debug\deadlockprofiler.obj
c:\users\super\onedrive\linkedgit\gameserver\servercore\x64\debug\coretls.obj
c:\users\super\onedrive\linkedgit\gameserver\servercore\x64\debug\corepch.obj
c:\users\super\onedrive\linkedgit\gameserver\servercore\x64\debug\coreglobal.obj
c:\users\super\onedrive\linkedgit\gameserver\servercore\x64\debug\allocator.obj
c:\users\super\onedrive\linkedgit\gameserver\servercore\x64\debug\service.obj
c:\users\super\onedrive\linkedgit\gameserver\servercore\x64\debug\servercore.tlog\cl.command.1.tlog
c:\users\super\onedrive\linkedgit\gameserver\servercore\x64\debug\servercore.tlog\cl.read.1.tlog
c:\users\super\onedrive\linkedgit\gameserver\servercore\x64\debug\servercore.tlog\cl.write.1.tlog
c:\users\super\onedrive\linkedgit\gameserver\servercore\x64\debug\servercore.tlog\lib-link.read.1.tlog
c:\users\super\onedrive\linkedgit\gameserver\servercore\x64\debug\servercore.tlog\lib-link.write.1.tlog
c:\users\super\onedrive\linkedgit\gameserver\servercore\x64\debug\servercore.tlog\lib.command.1.tlog
